app/build/intermediates/manifest_merge_blame_file/debug/manifest-merger-blame-debug-report.txt
1<?xml version="1.0" encoding="utf-8"?>
2<manifest xmlns:android="http://schemas.android.com/apk/res/android"
3    package="com.raywenderlich.android.whysoserious"
4    android:versionCode="1"
5    android:versionName="1.0" >
6
7    <uses-sdk
8        android:minSdkVersion="21"
8-->src\main\AndroidManifest.xml
9        android:targetSdkVersion="32" />
9-->src\main\AndroidManifest.xml
10
11    <application
11-->src\main\AndroidManifest.xml:5:3-42:17
12        android:name="com.raywenderlich.android.whysoserious.App"
12-->src\main\AndroidManifest.xml:6:7-26
13        android:allowBackup="true"
13-->src\main\AndroidManifest.xml:7:7-33
14        android:appComponentFactory="android.support.v4.app.CoreComponentFactory"
14-->[com.android.support:support-compat:28.0.0] AndroidManifest.xml:22:18-91
15        android:debuggable="true"
16        android:icon="@mipmap/ic_launcher"
16-->src\main\AndroidManifest.xml:8:7-41
17        android:label="@string/app_name"
17-->src\main\AndroidManifest.xml:9:7-39
18        android:roundIcon="@mipmap/ic_launcher_round"
18-->src\main\AndroidManifest.xml:10:7-52
19        android:supportsRtl="true"
19-->src\main\AndroidManifest.xml:11:7-33
20        android:theme="@style/AppTheme" >
20-->src\main\AndroidManifest.xml:12:7-38
21        <activity
21-->src\main\AndroidManifest.xml:14:5-21:16
22            android:name="com.raywenderlich.android.whysoserious.ui.welcome.WelcomeActivity"
22-->src\main\AndroidManifest.xml:14:15-57
23            android:exported="true" >
23-->src\main\AndroidManifest.xml:15:9-32
24            <intent-filter>
24-->src\main\AndroidManifest.xml:16:7-20:23
25                <action android:name="android.intent.action.MAIN" />
25-->src\main\AndroidManifest.xml:17:9-60
25-->src\main\AndroidManifest.xml:17:17-58
26
27                <category android:name="android.intent.category.LAUNCHER" />
27-->src\main\AndroidManifest.xml:19:9-68
27-->src\main\AndroidManifest.xml:19:19-66
28            </intent-filter>
29        </activity>
30        <activity
30-->src\main\AndroidManifest.xml:23:5-26:71
31            android:name="com.raywenderlich.android.whysoserious.ui.login.LoginActivity"
31-->src\main\AndroidManifest.xml:24:9-47
32            android:screenOrientation="portrait"
32-->src\main\AndroidManifest.xml:25:9-45
33            android:windowSoftInputMode="stateAlwaysHidden|adjustResize" />
33-->src\main\AndroidManifest.xml:26:9-69
34        <activity
34-->src\main\AndroidManifest.xml:28:5-31:71
35            android:name="com.raywenderlich.android.whysoserious.ui.register.RegisterActivity"
35-->src\main\AndroidManifest.xml:29:9-53
36            android:screenOrientation="portrait"
36-->src\main\AndroidManifest.xml:30:9-45
37            android:windowSoftInputMode="stateAlwaysHidden|adjustResize" />
37-->src\main\AndroidManifest.xml:31:9-69
38        <activity
38-->src\main\AndroidManifest.xml:33:5-36:71
39            android:name="com.raywenderlich.android.whysoserious.ui.addJoke.AddJokeActivity"
39-->src\main\AndroidManifest.xml:34:9-51
40            android:screenOrientation="portrait"
40-->src\main\AndroidManifest.xml:35:9-45
41            android:windowSoftInputMode="stateAlwaysHidden|adjustResize" />
41-->src\main\AndroidManifest.xml:36:9-69
42        <activity
42-->src\main\AndroidManifest.xml:38:5-41:43
43            android:name="com.raywenderlich.android.whysoserious.ui.main.MainActivity"
43-->src\main\AndroidManifest.xml:39:9-45
44            android:screenOrientation="portrait"
44-->src\main\AndroidManifest.xml:40:9-45
45            android:theme="@style/MainTheme" />
45-->src\main\AndroidManifest.xml:41:9-41
46    </application>
47
48</manifest>